<?xml version="1.0" encoding="UTF-8"?>
<testng-results ignored="0" total="1" passed="1" failed="0" skipped="0">
  <reporter-output>
  </reporter-output>
  <suite started-at="2024-07-12T19:33:56 IST" name="Default suite" finished-at="2024-07-12T19:33:56 IST" duration-ms="67">
    <groups>
    </groups>
    <test started-at="2024-07-12T19:33:56 IST" name="Default test" finished-at="2024-07-12T19:33:56 IST" duration-ms="67">
      <class name="org.pag.FaceBook">
        <test-method signature="FaceBook()[pri:0, instance:org.pag.FaceBook@1ed4ae0f]" started-at="2024-07-12T19:33:56 IST" name="FaceBook" finished-at="2024-07-12T19:33:56 IST" duration-ms="18" status="PASS">
          <reporter-output>
          </reporter-output>
        </test-method> <!-- FaceBook -->
      </class> <!-- org.pag.FaceBook -->
    </test> <!-- Default test -->
  </suite> <!-- Default suite -->
</testng-results>
